\BOOKMARK [0][-]{chapter*.5}{\376\377\000A\000c\000k\000n\000o\000w\000l\000e\000d\000g\000m\000e\000n\000t\000s}{}% 1
\BOOKMARK [0][-]{chapter*.6}{\376\377\000D\000e\000c\000l\000a\000r\000a\000t\000i\000o\000n}{}% 2
\BOOKMARK [0][-]{chapter*.7}{\376\377\000A\000b\000s\000t\000r\000a\000c\000t}{}% 3
\BOOKMARK [0][-]{chapter*.8}{\376\377\000S\000e\000z\000n\000a\000m\000\040\000z\000k\000r\000a\000t\000e\000k}{}% 4
\BOOKMARK [0][-]{chapter*.9}{\376\377\000I\000n\000t\000r\000o\000d\000u\000c\000t\000i\000o\000n}{}% 5
\BOOKMARK [1][-]{section.0.1}{\376\377\000E\000v\000o\000l\000u\000t\000i\000o\000n\000\040\000a\000n\000d\000\040\000d\000e\000v\000e\000l\000o\000p\000m\000e\000n\000t}{chapter*.9}% 6
\BOOKMARK [1][-]{section.0.2}{\376\377\000A\000p\000p\000l\000i\000c\000a\000t\000i\000o\000n\000s\000\040\000o\000f\000\040\000m\000u\000l\000t\000i\000-\000t\000a\000r\000g\000e\000t\000\040\000t\000r\000a\000c\000k\000i\000n\000g}{chapter*.9}% 7
\BOOKMARK [1][-]{section.0.3}{\376\377\000M\000u\000l\000t\000i\000\040\000t\000a\000r\000g\000e\000t\000\040\000a\000l\000g\000o\000r\000i\000t\000h\000m\000s}{chapter*.9}% 8
\BOOKMARK [1][-]{section.0.4}{\376\377\000R\000e\000s\000e\000a\000r\000c\000h\000\040\000i\000n\000t\000e\000r\000e\000s\000t\000s}{chapter*.9}% 9
\BOOKMARK [1][-]{section.0.5}{\376\377\000S\000t\000r\000u\000c\000t\000u\000r\000e}{chapter*.9}% 10
\BOOKMARK [0][-]{chapter.1}{\376\377\000B\000a\000c\000k\000g\000r\000o\000u\000n\000d}{}% 11
\BOOKMARK [1][-]{section.1.1}{\376\377\000B\000a\000y\000e\000s\000i\000a\000n\000\040\000i\000n\000f\000e\000r\000e\000n\000c\000e}{chapter.1}% 12
\BOOKMARK [1][-]{section.1.2}{\376\377\000B\000a\000y\000e\000s\000'\000\040\000r\000u\000l\000e}{chapter.1}% 13
\BOOKMARK [1][-]{section.1.3}{\376\377\000M\000u\000l\000t\000i\000v\000a\000r\000i\000a\000t\000e\000\040\000G\000a\000u\000s\000s\000i\000a\000n\000\040\000d\000i\000s\000t\000r\000i\000b\000u\000t\000i\000o\000n}{chapter.1}% 14
\BOOKMARK [1][-]{section.1.4}{\376\377\000G\000a\000u\000s\000s\000i\000a\000n\000\040\000m\000i\000x\000t\000u\000r\000e}{chapter.1}% 15
\BOOKMARK [1][-]{section.1.5}{\376\377\000S\000t\000a\000t\000e\000\040\000s\000p\000a\000c\000e\000\040\000m\000o\000d\000e\000l}{chapter.1}% 16
\BOOKMARK [2][-]{subsection.1.5.1}{\376\377\000C\000o\000n\000s\000t\000a\000n\000t\000\040\000v\000e\000l\000o\000c\000i\000t\000y\000\040\000m\000o\000d\000e\000l}{section.1.5}% 17
\BOOKMARK [2][-]{subsection.1.5.2}{\376\377\000C\000o\000n\000s\000t\000a\000n\000t\000\040\000a\000c\000c\000e\000l\000e\000r\000a\000t\000i\000o\000n\000\040\000m\000o\000d\000e\000l}{section.1.5}% 18
\BOOKMARK [1][-]{section.1.6}{\376\377\000H\000i\000d\000d\000e\000n\000\040\000M\000a\000r\000k\000o\000v\000\040\000M\000o\000d\000e\000l}{chapter.1}% 19
\BOOKMARK [1][-]{section.1.7}{\376\377\000B\000a\000y\000e\000s\000'\000\040\000f\000i\000l\000t\000e\000r}{chapter.1}% 20
\BOOKMARK [1][-]{section.1.8}{\376\377\000K\000a\000l\000m\000a\000n\000\040\000f\000i\000l\000t\000e\000r}{chapter.1}% 21
\BOOKMARK [2][-]{subsection.1.8.1}{\376\377\000K\000a\000l\000m\000a\000n\000\040\000f\000i\000l\000t\000e\000r\000\040\000i\000n\000f\000e\000r\000e\000n\000c\000e}{section.1.8}% 22
\BOOKMARK [0][-]{chapter.2}{\376\377\000T\000a\000r\000g\000e\000t\000\040\000t\000r\000a\000c\000k\000i\000n\000g}{}% 23
\BOOKMARK [1][-]{section.2.1}{\376\377\000C\000l\000u\000t\000t\000e\000r}{chapter.2}% 24
\BOOKMARK [1][-]{section.2.2}{\376\377\000S\000i\000n\000g\000l\000e\000\040\000t\000a\000r\000g\000e\000t\000\040\000t\000r\000a\000c\000k\000i\000n\000g}{chapter.2}% 25
\BOOKMARK [2][-]{subsection.2.2.1}{\376\377\000P\000D\000A\000\040\000f\000i\000l\000t\000e\000r}{section.2.2}% 26
\BOOKMARK [1][-]{section.2.3}{\376\377\000M\000u\000l\000t\000i\000\040\000t\000a\000r\000g\000e\000t\000\040\000t\000r\000a\000c\000k\000i\000n\000g}{chapter.2}% 27
\BOOKMARK [2][-]{subsection.2.3.1}{\376\377\000R\000F\000S\000\040\000s\000t\000a\000t\000i\000s\000t\000i\000c\000s}{section.2.3}% 28
\BOOKMARK [0][-]{chapter.3}{\376\377\000O\000b\000j\000e\000c\000t\000\040\000d\000e\000t\000e\000c\000t\000i\000o\000n\000\040\000a\000n\000d\000\040\000s\000e\000g\000m\000e\000n\000t\000a\000t\000i\000o\000n}{}% 29
\BOOKMARK [1][-]{section.3.1}{\376\377\000Y\000O\000L\000O}{chapter.3}% 30
\BOOKMARK [1][-]{section.3.2}{\376\377\000S\000e\000g\000m\000e\000n\000t\000\040\000A\000n\000y\000t\000h\000i\000n\000g}{chapter.3}% 31
\BOOKMARK [0][-]{chapter.4}{\376\377\000D\000y\000n\000a\000m\000i\000c\000\040\000t\000i\000m\000e\000\040\000a\000n\000d\000\040\000s\000t\000a\000t\000e\000\040\000v\000a\000r\000y\000i\000n\000g\000\040\000d\000e\000t\000e\000c\000t\000i\000o\000n\000\040\000p\000r\000o\000b\000a\000b\000i\000l\000i\000t\000y}{}% 32
\BOOKMARK [1][-]{section.4.1}{\376\377\000P\000r\000o\000b\000l\000e\000m\000\040\000d\000e\000f\000i\000n\000i\000t\000i\000o\000n}{chapter.4}% 33
\BOOKMARK [1][-]{section.4.2}{\376\377\000D\000y\000n\000a\000m\000i\000c\000\040\000d\000e\000t\000e\000c\000t\000i\000o\000n\000\040\000p\000r\000o\000b\000a\000b\000i\000l\000i\000t\000y\000\040\000i\000n\000\040\000v\000i\000d\000e\000o\000\040\000d\000a\000t\000a}{chapter.4}% 34
\BOOKMARK [1][-]{section.4.3}{\376\377\000M\000o\000d\000i\000f\000i\000e\000d\000\040\000p\000r\000u\000n\000i\000n\000g\000\040\000f\000o\000r\000\040\000G\000M\000-\000P\000H\000D\000\040\000f\000i\000l\000t\000e\000r}{chapter.4}% 35
\BOOKMARK [1][-]{section.4.4}{\376\377\000M\000e\000r\000g\000i\000n\000g\000\040\000i\000n\000\040\000G\000M\000-\000P\000H\000D\000\040\000f\000i\000l\000t\000e\000r\000\040\000w\000i\000t\000h\000\040\000d\000y\000n\000a\000m\000i\000c\000\040\000d\000e\000t\000e\000c\000t\000i\000o\000n\000\040\000p\000r\000o\000b\000a\000b\000i\000l\000i\000t\000y}{chapter.4}% 36
\BOOKMARK [0][-]{chapter.5}{\376\377\000E\000x\000p\000e\000r\000i\000m\000e\000n\000t\000s}{}% 37
\BOOKMARK [0][-]{appendix.A}{\376\377\000N\001\033\000j\000a\000k\000\341\000\040\000p\001\131\000\355\000l\000o\000h\000a}{}% 38
\BOOKMARK [0][-]{appendix*.12}{\376\377\000O\000b\000s\000a\000h\000\040\000p\001\131\000\355\000l\000o\000h}{}% 39
